
> storybook-addon-playwright@4.21.0 lint Z:\github\storybook-addon-playwright
> eslint . --ext .ts,.tsx


Z:\github\storybook-addon-playwright\.github\actions\setup-project\action.yml
  13:14  error  Must use plain style scalar  yaml/plain-scalar

Z:\github\storybook-addon-playwright\.storybook\main.ts
  25:24  error  'config' is already declared in the upper scope on line 4 column 7  ts/no-shadow

Z:\github\storybook-addon-playwright\.storybook\setup-playwright.ts
   1:1  error  Use "@ts-expect-error" instead of "@ts-ignore", as "@ts-ignore" will do nothing if the following line is error-free  ts/ban-ts-comment
  25:9  error  'browser' is never reassigned. Use 'const' instead                                                                   prefer-const

Z:\github\storybook-addon-playwright\.storybook\start-dev.ts
    7:18  error    Unexpected use of the global variable 'process'. Use 'require("process")' instead  node/prefer-global/process
   33:3   error    Unexpected use of the global variable 'process'. Use 'require("process")' instead  node/prefer-global/process
   63:7   error    Unexpected use of the global variable 'process'. Use 'require("process")' instead  node/prefer-global/process
   68:3   error    Unexpected use of the global variable 'process'. Use 'require("process")' instead  node/prefer-global/process
   72:7   error    Unexpected use of the global variable 'process'. Use 'require("process")' instead  node/prefer-global/process
   77:40  error    Unexpected use of continue statement                                               no-continue
   78:39  error    Unexpected use of continue statement                                               no-continue
   98:18  error    Unexpected `await` inside a loop                                                   no-await-in-loop
   99:55  error    Unexpected use of the global variable 'process'. Use 'require("process")' instead  node/prefer-global/process
  100:31  error    Unexpected use of continue statement                                               no-continue
  108:5   error    Unexpected `await` inside a loop                                                   no-await-in-loop
  115:35  warning  No magic number: 20                                                                no-magic-numbers
  116:24  error    Unexpected `await` inside a loop                                                   no-await-in-loop
  119:59  error    Unexpected use of the global variable 'process'. Use 'require("process")' instead  node/prefer-global/process
  134:5   error    Unexpected `await` inside a loop                                                   no-await-in-loop
  134:17  warning  No magic number: 200                                                               no-magic-numbers
  146:5   error    Unexpected use of the global variable 'process'. Use 'require("process")' instead  node/prefer-global/process
  157:34  warning  No magic number: 2                                                                 no-magic-numbers
  183:9   error    Unexpected use of the global variable 'process'. Use 'require("process")' instead  node/prefer-global/process
  204:10  error    Unexpected use of the global variable 'process'. Use 'require("process")' instead  node/prefer-global/process
  230:9   error    Unexpected use of the global variable 'process'. Use 'require("process")' instead  node/prefer-global/process
  235:9   error    Expected 'undefined' and instead saw 'void'                                        no-void
  246:7   error    Expected 'undefined' and instead saw 'void'                                        no-void
  276:47  warning  No magic number: 300                                                               no-magic-numbers
  292:9   error    Unexpected use of the global variable 'process'. Use 'require("process")' instead  node/prefer-global/process
  305:25  error    Unexpected use of the global variable 'process'. Use 'require("process")' instead  node/prefer-global/process
  307:7   error    Unexpected use of the global variable 'process'. Use 'require("process")' instead  node/prefer-global/process
  327:7   error    Unexpected use of the global variable 'process'. Use 'require("process")' instead  node/prefer-global/process
  332:7   error    Unexpected use of the global variable 'process'. Use 'require("process")' instead  node/prefer-global/process
  337:1   error    Unexpected use of the global variable 'process'. Use 'require("process")' instead  node/prefer-global/process
  339:60  error    Unexpected use of the global variable 'process'. Use 'require("process")' instead  node/prefer-global/process
  342:1   error    Unexpected use of the global variable 'process'. Use 'require("process")' instead  node/prefer-global/process
  344:60  error    Unexpected use of the global variable 'process'. Use 'require("process")' instead  node/prefer-global/process

Z:\github\storybook-addon-playwright\README.md
   36:6   error    Parsing error: Unexpected token add
   63:7   error    'browser' is never reassigned. Use 'const' instead  prefer-const
   64:32  error    ["chromium"] is better written in dot notation      dot-notation
   65:31  error    ["firefox"] is better written in dot notation       dot-notation
   66:30  error    ["webkit"] is better written in dot notation        dot-notation
  161:1   error    Parsing error: Unexpected token .
  253:7   error    'browser' is never reassigned. Use 'const' instead  prefer-const
  254:32  error    ["chromium"] is better written in dot notation      dot-notation
  255:31  error    ["firefox"] is better written in dot notation       dot-notation
  256:30  error    ["webkit"] is better written in dot notation        dot-notation
  374:32  error    ["chromium"] is better written in dot notation      dot-notation
  375:31  error    ["firefox"] is better written in dot notation       dot-notation
  376:30  error    ["webkit"] is better written in dot notation        dot-notation
  404:6   warning  No magic number: 10000                              no-magic-numbers
  423:6   warning  No magic number: 10000                              no-magic-numbers

Z:\github\storybook-addon-playwright\__mocks__\@storybook\addons.ts
  1:1  warning  Unused eslint-disable directive (no problems were reported from 'ts/no-explicit-any')

Z:\github\storybook-addon-playwright\__mocks__\@storybook\components.tsx
  1:1  warning  Unused eslint-disable directive (no problems were reported from 'ts/no-explicit-any')

Z:\github\storybook-addon-playwright\__mocks__\@storybook\theming.tsx
  1:1  warning  Unused eslint-disable directive (no problems were reported from 'ts/no-explicit-any')

Z:\github\storybook-addon-playwright\__mocks__\fs.ts
   1:1  warning  Unused eslint-disable directive (no problems were reported from 'ts/no-explicit-any')
  21:3  error    The body of a for-in should be wrapped in an if statement to filter unwanted properties from the prototype  guard-for-in

Z:\github\storybook-addon-playwright\middleware.test.js
   9:1   error  'describe' is not defined  no-undef
  10:3   error  'it' is not defined        no-undef
  11:27  error  'vi' is not defined        no-undef
  15:5   error  'expect' is not defined    no-undef
  15:56  error  'expect' is not defined    no-undef
  18:3   error  'it' is not defined        no-undef
  19:27  error  'vi' is not defined        no-undef
  33:18  error  'vi' is not defined        no-undef
  34:12  error  'vi' is not defined        no-undef
  39:5   error  'expect' is not defined    no-undef
  40:7   error  'expect' is not defined    no-undef
  44:5   error  'expect' is not defined    no-undef
  45:5   error  'expect' is not defined    no-undef

Z:\github\storybook-addon-playwright\scripts\cleanup-src-mocks.mjs
  17:11  error  'fullFwd' is assigned a value but never used                                        no-unused-vars
  17:11  error  'fullFwd' is assigned a value but never used. Allowed unused vars must match /^_/u  unused-imports/no-unused-vars

Z:\github\storybook-addon-playwright\scripts\cleanup-src-tests.mjs
  17:25  error  Capturing group number 1 is defined but never used  regexp/no-unused-capturing-group

Z:\github\storybook-addon-playwright\scripts\fix-bare-imports.mjs
  40:58  error  Capturing group number 1 is defined but never used                                                                                                                                                                   regexp/no-unused-capturing-group
  44:9   error  'content' is never reassigned. Use 'const' instead                                                                                                                                                                   prefer-const
  66:46  error  The quantifier '\s*' can exchange characters with '.*'. Using any string accepted by /[\t\x0b\f \xa0\u1680\u2000-\u200a\u202f\u205f\u3000\ufeff]+/, this can be exploited to cause at least polynomial backtracking  regexp/no-super-linear-backtracking
  66:49  error  ';?' can be removed because it is already included by '.*'                                                                                                                                                           regexp/optimal-quantifier-concatenation

Z:\github\storybook-addon-playwright\scripts\fix-services-paths.mjs
   24:6   error    Capturing group number 1 is defined but never used  regexp/no-unused-capturing-group
   24:19  error    Capturing group number 2 is defined but never used  regexp/no-unused-capturing-group
  106:38  warning  No magic number: 60                                 no-magic-numbers

Z:\github\storybook-addon-playwright\scripts\migrate-tests.mjs
  133:54  error  The quantifier '\s*' can exchange characters with '\s*'. Using any string accepted by /\s+/, this can be exploited to cause at least polynomial backtracking  regexp/no-super-linear-backtracking
  134:61  error  'semi' is defined but never used. Allowed unused args must match /^_/u                                                                                        unused-imports/no-unused-vars
  159:53  error  Capturing group number 1 is defined but never used                                                                                                            regexp/no-unused-capturing-group
  199:3   error  Unexpected use of the global variable 'process'. Use 'require("process")' instead                                                                             node/prefer-global/process

Z:\github\storybook-addon-playwright\scripts\test.mjs
  20:14  error    Unexpected use of the global variable 'process'. Use 'require("process")' instead  node/prefer-global/process
  20:33  warning  No magic number: 2                                                                 no-magic-numbers
  26:10  error    Unexpected use of the global variable 'process'. Use 'require("process")' instead  node/prefer-global/process
  36:12  error    Unexpected use of the global variable 'process'. Use 'require("process")' instead  node/prefer-global/process
  40:1   error    Unexpected use of the global variable 'process'. Use 'require("process")' instead  node/prefer-global/process
  40:20  error    Unexpected use of '|'                                                              no-bitwise

Z:\github\storybook-addon-playwright\setupTests.ts
  103:1  error  Definition for rule '@typescript-eslint/no-var-requires' was not found  @typescript-eslint/no-var-requires
  104:1  error  A `require()` style import is forbidden                                 ts/no-require-imports

Z:\github\storybook-addon-playwright\setupTests.vitest-globals.ts
  10:1  error  Definition for rule '@typescript-eslint/no-explicit-any' was not found  @typescript-eslint/no-explicit-any
  39:1  error  Definition for rule '@typescript-eslint/no-explicit-any' was not found  @typescript-eslint/no-explicit-any
  41:1  error  Definition for rule '@typescript-eslint/no-explicit-any' was not found  @typescript-eslint/no-explicit-any
  66:3  error  Definition for rule '@typescript-eslint/no-explicit-any' was not found  @typescript-eslint/no-explicit-any
  88:3  error  Definition for rule '@typescript-eslint/no-explicit-any' was not found  @typescript-eslint/no-explicit-any

Z:\github\storybook-addon-playwright\src\api\server\migration\migration-v1.ts
   46:5   error    Assignment to property of function parameter 'newStoryData'  no-param-reassign
   49:7   error    Assignment to property of function parameter 'newStoryData'  no-param-reassign
   65:7   error    Assignment to property of function parameter 'newStoryData'  no-param-reassign
   69:17  error    Assignment to property of function parameter 'obj'           no-param-reassign
  108:24  warning  No magic number: 15                                          no-magic-numbers

Z:\github\storybook-addon-playwright\src\api\server\migration\migration-v2.ts
  27:3   error    Assignment to property of function parameter 'data'                                                         no-param-reassign
  29:5   error    The body of a for-in should be wrapped in an if statement to filter unwanted properties from the prototype  guard-for-in
  34:11  error    Assignment to property of function parameter 'actionSet'                                                    no-param-reassign
  44:13  error    Assignment to property of function parameter 'screenshot'                                                   no-param-reassign
  50:28  warning  No magic number: 12                                                                                         no-magic-numbers

Z:\github\storybook-addon-playwright\src\api\server\migration\migration-v3.ts
  4:3  error  Assignment to property of function parameter 'data'  no-param-reassign

Z:\github\storybook-addon-playwright\src\api\server\migration\migration-v4.ts
  4:3  error  Assignment to property of function parameter 'data'  no-param-reassign

Z:\github\storybook-addon-playwright\src\api\server\migration\migration.ts
  17:3   error    Unexpected console statement. Only these console methods are allowed: warn, error  no-console
  19:24  error    Unexpected implicit coercion encountered. Use `Number(version)` instead            no-implicit-coercion
  23:31  error    Unexpected implicit coercion encountered. Use `Number(version)` instead            no-implicit-coercion
  23:43  warning  No magic number: 2                                                                 no-magic-numbers
  27:31  error    Unexpected implicit coercion encountered. Use `Number(version)` instead            no-implicit-coercion
  27:43  warning  No magic number: 3                                                                 no-magic-numbers
  31:31  error    Unexpected implicit coercion encountered. Use `Number(version)` instead            no-implicit-coercion
  31:43  warning  No magic number: 4                                                                 no-magic-numbers
  39:3   error    Definition for rule '@typescript-eslint/no-var-requires' was not found             @typescript-eslint/no-var-requires
  42:3   error    Unexpected console statement. Only these console methods are allowed: warn, error  no-console
  54:3   error    Unexpected console statement. Only these console methods are allowed: warn, error  no-console

Z:\github\storybook-addon-playwright\src\api\server\migration\props-to-args-migration.ts
  24:5   error  Assignment to property of function parameter 'screenshot'                          no-param-reassign
  27:10  error  Assignment to property of function parameter 'screenshot'                          no-param-reassign
  51:9   error  Unexpected use of the global variable 'process'. Use 'require("process")' instead  node/prefer-global/process

Z:\github\storybook-addon-playwright\src\api\server\utils\construct-screenshot-file-name.ts
  15:33  error  Unexpected string concatenation of literals  no-useless-concat

Z:\github\storybook-addon-playwright\src\api\server\utils\execute-action.ts
  41:3   error    Async function 'executeAction' expected no return value  consistent-return
  41:62  warning  No magic number: 2                                       no-magic-numbers

Z:\github\storybook-addon-playwright\src\api\server\utils\get-version.ts
  23:43  error  Unexpected use of the global variable 'process'. Use 'require("process")' instead  node/prefer-global/process
  25:3   error  Definition for rule '@typescript-eslint/no-var-requires' was not found             @typescript-eslint/no-var-requires
  26:20  error  Unexpected require()                                                               node/global-require
  26:20  error  A `require()` style import is forbidden                                            ts/no-require-imports

Z:\github\storybook-addon-playwright\src\api\services\add-to-favourite.ts
  15:3   error    Assignment to property of function parameter 'data'  no-param-reassign
  15:20  warning  No magic number: 15                                  no-magic-numbers

Z:\github\storybook-addon-playwright\src\api\services\change-action-set-index.ts
  21:3  error  Unexpected `await` of a non-Promise (non-"Thenable") value  ts/await-thenable

Z:\github\storybook-addon-playwright\src\api\services\change-screenshot-index.ts
   3:15  error  'ScreenshotData' is defined but never used                  unused-imports/no-unused-imports
  27:5   error  Assignment to property of function parameter 'screenshot'   no-param-reassign
  31:3   error  Unexpected `await` of a non-Promise (non-"Thenable") value  ts/await-thenable

Z:\github\storybook-addon-playwright\src\api\services\delete-action-set.ts
  35:3  error  Unexpected `await` of a non-Promise (non-"Thenable") value  ts/await-thenable

Z:\github\storybook-addon-playwright\src\api\services\delete-screenshot.ts
  64:3  error  Unexpected `await` of a non-Promise (non-"Thenable") value  ts/await-thenable

Z:\github\storybook-addon-playwright\src\api\services\delete-story-screenshots.ts
  16:22  error  Unexpected use of continue statement  no-continue
  18:5   error  Unexpected `await` inside a loop      no-await-in-loop

Z:\github\storybook-addon-playwright\src\api\services\diff-image-to-screenshot.ts
  34:9  error  Unexpected use of the global variable 'process'. Use 'require("process")' instead  node/prefer-global/process

Z:\github\storybook-addon-playwright\src\api\services\fix-screenshot-file-name.ts
  116:3  error  Unexpected `await` of a non-Promise (non-"Thenable") value  ts/await-thenable

Z:\github\storybook-addon-playwright\src\api\services\get-action-set.ts
  18:11  error  Assignment to property of function parameter 'action'  no-param-reassign

Z:\github\storybook-addon-playwright\src\api\services\get-theme-data.ts
  1:15  error  'Theme' is defined but never used  unused-imports/no-unused-imports

Z:\github\storybook-addon-playwright\src\api\services\make-screenshot.ts
   13:15  error  'ScreenshotRequest' is defined but never used  unused-imports/no-unused-imports
  111:7   error  Assignment to function parameter 'arr'         no-param-reassign
  147:33  error  Unexpected `await` inside a loop               no-await-in-loop
  150:21  error  Unexpected `await` inside a loop               no-await-in-loop
  159:9   error  Unexpected use of continue statement           no-continue
  164:19  error  Unexpected `await` inside a loop               no-await-in-loop
  167:9   error  Unexpected use of continue statement           no-continue
  170:7   error  Unexpected `await` inside a loop               no-await-in-loop
  174:19  error  Unexpected `await` inside a loop               no-await-in-loop

Z:\github\storybook-addon-playwright\src\api\services\save-action-set.ts
  35:3  error  Unexpected `await` of a non-Promise (non-"Thenable") value  ts/await-thenable

Z:\github\storybook-addon-playwright\src\api\services\save-screenshot.ts
  113:5  error  Unexpected `await` of a non-Promise (non-"Thenable") value  ts/await-thenable

Z:\github\storybook-addon-playwright\src\api\services\test-file-screenshots.ts
  47:26  error  Do not nest ternary expressions  no-nested-ternary

Z:\github\storybook-addon-playwright\src\api\services\test-story-screenshots.ts
  15:3   error  Assignment to property of function parameter 'data'  no-param-reassign
  38:20  error  Unexpected `await` inside a loop                     no-await-in-loop

Z:\github\storybook-addon-playwright\src\api\services\utils\delete-empty-story.ts
  10:12  error  Assignment to property of function parameter 'data'  no-param-reassign

Z:\github\storybook-addon-playwright\src\api\services\utils\delete-story-options.ts
  36:12  error  Assignment to property of function parameter 'storyData'  no-param-reassign

Z:\github\storybook-addon-playwright\src\api\services\utils\find-screenshot-with-same-setting.tsx
  1:1  error  Definition for rule '@typescript-eslint/no-unused-vars' was not found  @typescript-eslint/no-unused-vars

Z:\github\storybook-addon-playwright\src\api\services\utils\get-story-data.ts
  17:5   error  Assignment to property of function parameter 'data'  no-param-reassign
  24:31  error  Assignment to property of function parameter 'data'  no-param-reassign

Z:\github\storybook-addon-playwright\src\api\services\utils\normalize-screenshot-action-ids.ts
  22:34  warning  No magic number: 12  no-magic-numbers
  22:60  warning  No magic number: 12  no-magic-numbers
  24:32  warning  No magic number: 12  no-magic-numbers
  24:61  warning  No magic number: 12  no-magic-numbers

Z:\github\storybook-addon-playwright\src\api\services\utils\release-modifier-Key.ts
  18:11  error  Unexpected `await` inside a loop  no-await-in-loop

Z:\github\storybook-addon-playwright\src\api\services\utils\set-story-options.ts
  15:5   error    Assignment to property of function parameter 'storyData'  no-param-reassign
  24:21  warning  No magic number: 12                                       no-magic-numbers
  26:3   error    Assignment to property of function parameter 'storyData'  no-param-reassign

Z:\github\storybook-addon-playwright\src\api\services\utils\set-story-screenshot-options.ts
   8:5  error  Assignment to property of function parameter 'screenshot'  no-param-reassign
  12:5  error  Assignment to property of function parameter 'screenshot'  no-param-reassign

Z:\github\storybook-addon-playwright\src\cli.ts
  37:3   error    Unexpected use of the global variable 'process'. Use 'require("process")' instead  node/prefer-global/process
  37:29  error    Unexpected use of the global variable 'process'. Use 'require("process")' instead  node/prefer-global/process
  37:48  warning  No magic number: 2                                                                 no-magic-numbers

Z:\github\storybook-addon-playwright\src\components\common\ImagePreview.tsx
  20:7   warning  Do not call the 'set' function 'setReset' of 'useState' directly in 'useEffect'                            react-hooks-extra/no-direct-set-state-in-use-effect
  26:16  warning  Do not call the 'set' function 'setReset' of 'useState' directly in 'useEffect'                            react-hooks-extra/no-direct-set-state-in-use-effect
  58:15  error    img elements must have an alt prop, either with meaningful text, or an empty string for decorative images  jsx-a11y/alt-text

Z:\github\storybook-addon-playwright\src\components\common\InputDialog.tsx
  86:5  warning  Do not call the 'set' function 'setValue' of 'useState' directly in 'useEffect'  react-hooks-extra/no-direct-set-state-in-use-effect

Z:\github\storybook-addon-playwright\src\components\common\ListItemWrapper.tsx
   1:1   error    Definition for rule '@typescript-eslint/no-explicit-any' was not found  @typescript-eslint/no-explicit-any
  57:63  warning  No magic number: 0.6                                                    no-magic-numbers

Z:\github\storybook-addon-playwright\src\components\common\Loader.tsx
  10:20  warning  No magic number: 0.5  no-magic-numbers

Z:\github\storybook-addon-playwright\src\components\common\SchemaFormLoader.tsx
  88:16  warning  Do not call the 'set' function 'setReset' of 'useState' directly in 'useEffect'  react-hooks-extra/no-direct-set-state-in-use-effect

Z:\github\storybook-addon-playwright\src\components\preview\Selector.tsx
  14:7  warning  Do not call the 'set' function 'setIframe' of 'useState' directly in 'useEffect'  react-hooks-extra/no-direct-set-state-in-use-effect

Z:\github\storybook-addon-playwright\src\components\preview\SelectorOverlay.tsx
  115:5  warning  No magic number: 150  no-magic-numbers

Z:\github\storybook-addon-playwright\src\components\preview\utils\normalize-root-selector-path.ts
  40:53  error  Unexpected use of continue statement  no-continue

Z:\github\storybook-addon-playwright\src\components\tool-bar\ScreenshotUpdateIcon.tsx
  20:12  error  Expected '===' and instead saw '=='  eqeqeq

Z:\github\storybook-addon-playwright\src\components\tool-bar\Tool.tsx
   10:32  error  '../common' imported multiple times  import/no-duplicates
   19:41  error  '../common' imported multiple times  import/no-duplicates
   92:9   error  Expected property shorthand          object-shorthand
  185:27  error  Do not nest ternary expressions      no-nested-ternary

Z:\github\storybook-addon-playwright\src\features\action-set\components\action-set-panel\ActionMenu.tsx
  34:22  error    Expected to return a value at the end of arrow function                                consistent-return
  37:5   warning  Do not call the 'set' function 'setActionItems' of 'useState' directly in 'useEffect'  react-hooks-extra/no-direct-set-state-in-use-effect

Z:\github\storybook-addon-playwright\src\features\action-set\components\action-set-panel\ActionSetList.tsx
  109:5  warning  Do not call the 'set' function 'setLocalItems' of 'useState' directly in 'useEffect'  react-hooks-extra/no-direct-set-state-in-use-effect

Z:\github\storybook-addon-playwright\src\features\action-set\components\action-set-panel\ActionSetListItem.tsx
   1:1   error    Definition for rule '@typescript-eslint/no-explicit-any' was not found  @typescript-eslint/no-explicit-any
  96:31  warning  No magic number: 0.8                                                    no-magic-numbers

Z:\github\storybook-addon-playwright\src\features\action-set\components\action-set-panel\ActionSetMain.tsx
  47:25  warning  No magic number: 12               no-magic-numbers
  78:9   error    Unexpected `await` inside a loop  no-await-in-loop

Z:\github\storybook-addon-playwright\src\features\action-set\components\action-set-panel\FavouriteActions.tsx
   90:23  warning  No magic number: 12                          no-magic-numbers
  131:65  warning  No magic number: 50                          no-magic-numbers
  146:25  error    Expected 'undefined' and instead saw 'void'  no-void

Z:\github\storybook-addon-playwright\src\features\action-set\components\actions\ActionList.tsx
   73:31  warning  No magic number: 0.8                                                                  no-magic-numbers
  108:5   warning  Do not call the 'set' function 'setLocalItems' of 'useState' directly in 'useEffect'  react-hooks-extra/no-direct-set-state-in-use-effect

Z:\github\storybook-addon-playwright\src\features\action-set\components\actions\ActionOptions.tsx
  100:31  error    Invalid type "{}" of template literal expression                                    ts/restrict-template-expressions
  105:5   warning  Do not call the 'set' function 'setSubtitle' of 'useState' directly in 'useEffect'  react-hooks-extra/no-direct-set-state-in-use-effect

Z:\github\storybook-addon-playwright\src\features\action-set\components\actions\ActionSchemaRenderer.tsx
  40:32  error  'schema' is already declared in the upper scope on line 17 column 11  ts/no-shadow

Z:\github\storybook-addon-playwright\src\features\action-set\hooks\use-action-editor.ts
  34:31  warning  No magic number: 10  no-magic-numbers

Z:\github\storybook-addon-playwright\src\features\action-set\hooks\use-copy-action-set.ts
  21:13  error    'copyActionSet' is already declared in the upper scope on line 17 column 9  ts/no-shadow
  22:33  warning  No magic number: 12                                                         no-magic-numbers

Z:\github\storybook-addon-playwright\src\features\action-set\hooks\use-current-story-action-sets.ts
  15:7  warning  Do not call the 'set' function 'setStoryActionSets' of 'useState' directly in 'useEffect'  react-hooks-extra/no-direct-set-state-in-use-effect
  19:5  warning  Do not call the 'set' function 'setStoryActionSets' of 'useState' directly in 'useEffect'  react-hooks-extra/no-direct-set-state-in-use-effect

Z:\github\storybook-addon-playwright\src\features\action-set\hooks\use-editor-action.ts
  22:7  warning  Do not call the 'set' function 'setAction' of 'useState' directly in 'useEffect'  react-hooks-extra/no-direct-set-state-in-use-effect
  28:7  warning  Do not call the 'set' function 'setAction' of 'useState' directly in 'useEffect'  react-hooks-extra/no-direct-set-state-in-use-effect
  37:7  warning  Do not call the 'set' function 'setAction' of 'useState' directly in 'useEffect'  react-hooks-extra/no-direct-set-state-in-use-effect
  42:5  warning  Do not call the 'set' function 'setAction' of 'useState' directly in 'useEffect'  react-hooks-extra/no-direct-set-state-in-use-effect

Z:\github\storybook-addon-playwright\src\features\action-set\store\actions.ts
  104:47  error    Unexpected use of continue statement                   no-continue
  118:13  error    Assignment to property of function parameter 'action'  no-param-reassign
  118:32  warning  No magic number: 12                                    no-magic-numbers
  121:22  warning  No magic number: 12                                    no-magic-numbers
  129:11  error    Assignment to property of function parameter 'action'  no-param-reassign
  129:30  warning  No magic number: 12                                    no-magic-numbers
  132:20  warning  No magic number: 12                                    no-magic-numbers

Z:\github\storybook-addon-playwright\src\features\action-set\store\utils\is-same-actions.ts
  6:5  error  Definition for rule '@typescript-eslint/no-unused-vars' was not found  @typescript-eslint/no-unused-vars

Z:\github\storybook-addon-playwright\src\features\schema\components\SchemaProp.tsx
  25:13  warning  A/an 'array expression' as default prop. This could lead to potential infinite render loop in React. Use a variable instead of 'array expression'  react/no-unstable-default-props

Z:\github\storybook-addon-playwright\src\features\schema\components\SchemaRenderer.tsx
  19:13  warning  A/an 'array expression' as default prop. This could lead to potential infinite render loop in React. Use a variable instead of 'array expression'  react/no-unstable-default-props

Z:\github\storybook-addon-playwright\src\features\schema\components\SelectorControl.tsx
  106:46  warning  No magic number: -2                                                                        no-magic-numbers
  110:25  error    Do not nest ternary expressions                                                            no-nested-ternary
  137:7   warning  Do not call the 'set' function 'setInvalidSelector' of 'useState' directly in 'useEffect'  react-hooks-extra/no-direct-set-state-in-use-effect
  141:5   warning  Do not call the 'set' function 'setInvalidSelector' of 'useState' directly in 'useEffect'  react-hooks-extra/no-direct-set-state-in-use-effect
  152:6   error    'value' is already declared in the upper scope on line 78 column 5                         ts/no-shadow

Z:\github\storybook-addon-playwright\src\features\schema\hooks\use-action-schema-loader.ts
  1:15  error  'ActionSchemaList' is defined but never used  unused-imports/no-unused-imports

Z:\github\storybook-addon-playwright\src\features\schema\hooks\use-control.ts
   18:5   error    Assignment to property of function parameter 'obj'                                                                                             no-param-reassign
   44:7   error    Do not nest ternary expressions                                                                                                                no-nested-ternary
  116:3   error    Expected 'undefined' and instead saw 'void'                                                                                                    no-void
  127:7   error    Do not nest ternary expressions                                                                                                                no-nested-ternary
  130:11  warning  To prevent re-computation, consider using lazy initial state for useState calls that involve function calls. Ex: 'useState(() => getValue())'  react-hooks-extra/prefer-use-state-lazy-initialization
  134:12  warning  To prevent re-computation, consider using lazy initial state for useState calls that involve function calls. Ex: 'useState(() => getValue())'  react-hooks-extra/prefer-use-state-lazy-initialization
  140:6   error    'value' is already declared in the upper scope on line 121 column 34                                                                           ts/no-shadow

Z:\github\storybook-addon-playwright\src\features\screenshot\components\screenshot-panel\ScreenshotListItem.tsx
    1:1   error    Definition for rule '@typescript-eslint/no-explicit-any' was not found  @typescript-eslint/no-explicit-any
  123:10  warning  No magic number: 10000                                                  no-magic-numbers
  178:31  warning  No magic number: 0.8                                                    no-magic-numbers

Z:\github\storybook-addon-playwright\src\features\screenshot\components\screenshot-panel\ScreenshotListItemMenu.tsx
  1:1  error  Definition for rule '@typescript-eslint/no-explicit-any' was not found  @typescript-eslint/no-explicit-any

Z:\github\storybook-addon-playwright\src\features\screenshot\components\screenshot-preview\BrowserOptions.tsx
  41:16  warning  Do not call the 'set' function 'setReset' of 'useState' directly in 'useEffect'  react-hooks-extra/no-direct-set-state-in-use-effect

Z:\github\storybook-addon-playwright\src\features\screenshot\components\screenshot-preview\ScreenShotViewToolbar.tsx
  74:9  error  A form label must be associated with a control  jsx-a11y/label-has-associated-control

Z:\github\storybook-addon-playwright\src\features\screenshot\components\screenshot-preview\ScreenshotListView.tsx
   90:25  warning  No magic number: 100                                no-magic-numbers
   93:5   error    Do not nest ternary expressions                     no-nested-ternary
   95:20  warning  No magic number: 2                                  no-magic-numbers
   96:23  warning  No magic number: 2                                  no-magic-numbers
  123:9   error    Assignment to property of function parameter 'obj'  no-param-reassign

Z:\github\storybook-addon-playwright\src\features\screenshot\components\screenshot-preview\ScreenshotView.tsx
   40:15  warning  No magic number: 0.6                                                                                       no-magic-numbers
   63:71  warning  No magic number: 0.5                                                                                       no-magic-numbers
   65:73  warning  No magic number: 0.6                                                                                       no-magic-numbers
   72:11  warning  No magic number: 0.1                                                                                       no-magic-numbers
  146:36  warning  No magic number: 30                                                                                        no-magic-numbers
  226:17  error    img elements must have an alt prop, either with meaningful text, or an empty string for decorative images  jsx-a11y/alt-text
  236:11  warning  Add missing 'sandbox' attribute on 'iframe' component                                                      react-dom/no-missing-iframe-sandbox
  236:11  error    <iframe> elements must have a unique title property                                                        jsx-a11y/iframe-has-title
  239:48  warning  No magic number: 10                                                                                        no-magic-numbers

Z:\github\storybook-addon-playwright\src\features\screenshot\components\screenshot-preview\utils\get-border-color.ts
  6:17  warning  No magic number: 0.1  no-magic-numbers

Z:\github\storybook-addon-playwright\src\features\screenshot\hooks\use-edit-screenshot.ts
  110:16  error  Expected to return a value at the end of arrow function  consistent-return

Z:\github\storybook-addon-playwright\src\features\screenshot\hooks\use-save-screenshot.ts
   45:23  error    'error' is already declared in the upper scope on line 32 column 10        ts/no-shadow
   97:6   error    'browserType' is already declared in the upper scope on line 21 column 18  ts/no-shadow
  113:7   error    'browserType' is already declared in the upper scope on line 21 column 18  ts/no-shadow
  114:7   error    'title' is already declared in the upper scope on line 21 column 11        ts/no-shadow
  137:20  warning  No magic number: 12                                                        no-magic-numbers
  169:9   error    Definition for rule '@typescript-eslint/no-unused-vars' was not found      @typescript-eslint/no-unused-vars

Z:\github\storybook-addon-playwright\src\features\screenshot\hooks\use-screenshot.ts
  57:5  warning  Do not call the 'set' function 'setError' of 'useState' directly in 'useEffect'  react-hooks-extra/no-direct-set-state-in-use-effect

Z:\github\storybook-addon-playwright\src\features\screenshot\store\actions.ts
  45:9  error  Assignment to property of function parameter 'x'  no-param-reassign

Z:\github\storybook-addon-playwright\src\features\theme\hooks\use-custom-theme.ts
  13:7  warning  Do not call the 'set' function 'setTheme' of 'useState' directly in 'useEffect'  react-hooks-extra/no-direct-set-state-in-use-effect

Z:\github\storybook-addon-playwright\src\get-screenshots.ts
  35:20  error  Unexpected use of continue statement                        no-continue
  37:25  error  Unexpected `await` inside a loop                            no-await-in-loop
  40:19  error  Unexpected use of continue statement                        no-continue
  44:32  error  Unexpected use of continue statement                        no-continue
  48:30  error  Unexpected `await` inside a loop                            no-await-in-loop
  71:13  error  Unexpected `await` of a non-Promise (non-"Thenable") value  ts/await-thenable
  71:13  error  Unexpected `await` inside a loop                            no-await-in-loop

Z:\github\storybook-addon-playwright\src\hooks\use-active-browser.ts
  60:5  warning  Do not call the 'set' function 'setActiveBrowsers' of 'useState' directly in 'useEffect'  react-hooks-extra/no-direct-set-state-in-use-effect

Z:\github\storybook-addon-playwright\src\hooks\use-anchor-el.ts
  7:3  error  Definition for rule '@typescript-eslint/ban-ts-comment' was not found                                                @typescript-eslint/ban-ts-comment
  8:3  error  Use "@ts-expect-error" instead of "@ts-ignore", as "@ts-ignore" will do nothing if the following line is error-free  ts/ban-ts-comment

Z:\github\storybook-addon-playwright\src\hooks\use-current-story-data.ts
  18:5  warning  Do not call the 'set' function 'setData' of 'useState' directly in 'useEffect'  react-hooks-extra/no-direct-set-state-in-use-effect

Z:\github\storybook-addon-playwright\src\hooks\use-knobs.ts
  15:5   warning  Do not call the 'set' function 'setArgs' of 'useState' directly in 'useEffect'  react-hooks-extra/no-direct-set-state-in-use-effect
  30:11  error    Assignment to property of function parameter 'obj'                              no-param-reassign

Z:\github\storybook-addon-playwright\src\hooks\use-story-url.ts
  22:5  warning  Do not call the 'set' function 'setUrl' of 'useState' directly in 'useEffect'  react-hooks-extra/no-direct-set-state-in-use-effect

Z:\github\storybook-addon-playwright\src\index.ts
  1:1  error  Definition for rule '@typescript-eslint/triple-slash-reference' was not found  @typescript-eslint/triple-slash-reference

Z:\github\storybook-addon-playwright\src\page-extra\drag-drop-selector.ts
  18:17  warning  No magic number: 2  no-magic-numbers
  24:18  warning  No magic number: 2  no-magic-numbers

Z:\github\storybook-addon-playwright\src\page-extra\mouse-down-on-selector.ts
  15:62  warning  No magic number: 2  no-magic-numbers
  16:63  warning  No magic number: 2  no-magic-numbers

Z:\github\storybook-addon-playwright\src\page-extra\mouse-move-to-selector.ts
  15:62  warning  No magic number: 2  no-magic-numbers
  16:63  warning  No magic number: 2  no-magic-numbers

Z:\github\storybook-addon-playwright\src\page-extra\scroll-selector.ts
  14:10  error  Assignment to property of function parameter 'el'  no-param-reassign
  17:10  error  Assignment to property of function parameter 'el'  no-param-reassign

Z:\github\storybook-addon-playwright\src\page-extra\set-selector-size.ts
  13:10  error  Assignment to property of function parameter 'el'  no-param-reassign
  17:10  error  Assignment to property of function parameter 'el'  no-param-reassign

Z:\github\storybook-addon-playwright\src\page-extra\utils\dispatch-touch-event.ts
  15:10  error  'options' is already declared in the upper scope on line 11 column 3  ts/no-shadow
  19:9   error  'client' is already declared in the upper scope on line 10 column 3   ts/no-shadow
  20:9   error  'page' is already declared in the upper scope on line 8 column 3      ts/no-shadow
  21:9   error  'screen' is already declared in the upper scope on line 9 column 3    ts/no-shadow
  22:9   error  'type' is already declared in the upper scope on line 6 column 3      ts/no-shadow

Z:\github\storybook-addon-playwright\src\page-extra\utils\get-point-by-direction.ts
  9:3  error  Definition for rule '@typescript-eslint/no-non-null-assertion' was not found  @typescript-eslint/no-non-null-assertion

Z:\github\storybook-addon-playwright\src\register.tsx
  20:3  error  Definition for rule '@typescript-eslint/no-explicit-any' was not found  @typescript-eslint/no-explicit-any

Z:\github\storybook-addon-playwright\src\run-image-diff.ts
  22:20  error  Unexpected `await` inside a loop  no-await-in-loop

Z:\github\storybook-addon-playwright\src\to-match-screenshots.ts
  25:21  error  Unexpected use of the global variable 'process'. Use 'require("process")' instead  node/prefer-global/process

Z:\github\storybook-addon-playwright\src\typings\screenshot.ts
  48:1  error  Definition for rule '@typescript-eslint/no-explicit-any' was not found  @typescript-eslint/no-explicit-any

Z:\github\storybook-addon-playwright\src\utils\get-image-diff-messages.ts
  11:53  warning  No magic number: 100  no-magic-numbers

Z:\github\storybook-addon-playwright\src\utils\get-story-function.ts
  10:3  error  Definition for rule '@typescript-eslint/no-explicit-any' was not found  @typescript-eslint/no-explicit-any
  12:5  error  Definition for rule '@typescript-eslint/no-explicit-any' was not found  @typescript-eslint/no-explicit-any

Z:\github\storybook-addon-playwright\src\utils\is-story-json-file.ts
  6:60  warning  No magic number: -2  no-magic-numbers

Z:\github\storybook-addon-playwright\stories\Controls.stories.tsx
   73:42  warning  No magic number: 10   no-magic-numbers
   80:52  warning  No magic number: 2    no-magic-numbers
   97:31  warning  No magic number: 0.6  no-magic-numbers
   98:45  warning  No magic number: 8    no-magic-numbers
  130:11  warning  No magic number: 2    no-magic-numbers

Z:\github\storybook-addon-playwright\stories\InputWheel.tsx
  42:8  warning  No magic number: 150  no-magic-numbers

Z:\github\storybook-addon-playwright\test\api\server\utils\load-story-data.test.ts
  6:1  error  Definition for rule '@typescript-eslint/no-explicit-any' was not found  @typescript-eslint/no-explicit-any

Z:\github\storybook-addon-playwright\test\api\services\fix-screenshot-file-name.test.ts
  52:5  error  Definition for rule '@typescript-eslint/no-explicit-any' was not found  @typescript-eslint/no-explicit-any

Z:\github\storybook-addon-playwright\test\api\services\make-screenshot.test.ts
   5:9   error  'compositeMock' is already declared in the upper scope on line 4 column 20   ts/no-shadow
  11:9   error  'sharpMock' is already declared in the upper scope on line 4 column 9        ts/no-shadow
  15:9   error  'joinImagesMock' is already declared in the upper scope on line 4 column 35  ts/no-shadow
  93:13  error  Definition for rule '@typescript-eslint/ban-ts-comment' was not found        @typescript-eslint/ban-ts-comment

Z:\github\storybook-addon-playwright\test\api\services\test-screenshot-service.test.ts
  151:9  error  Definition for rule '@typescript-eslint/ban-ts-comment' was not found  @typescript-eslint/ban-ts-comment

Z:\github\storybook-addon-playwright\test\components\Clipper\Clipper.test.tsx
  94:7  error  Assignment to property of function parameter 'ref'  no-param-reassign

Z:\github\storybook-addon-playwright\test\components\common\FixScreenshotFileDialog.test.tsx
  15:15  error    Expected 'undefined' and instead saw 'void'   no-void
  17:13  warning  Functions that return promises must be async  ts-no-autofix/promise-function-async

Z:\github\storybook-addon-playwright\test\components\common\InputDialog.test.tsx
  82:15  error  Curly braces are unnecessary here  style/jsx-curly-brace-presence

Z:\github\storybook-addon-playwright\test\components\common\SchemaFormLoader.test.tsx
  20:30  error  Unexpected `await` of a non-Promise (non-"Thenable") value  ts/await-thenable
  29:17  error  Expected 'undefined' and instead saw 'void'                 no-void

Z:\github\storybook-addon-playwright\test\components\preview\SelectorOverlay.test.tsx
   1:1   error  Definition for rule '@typescript-eslint/ban-ts-comment' was not found  @typescript-eslint/ban-ts-comment
  24:30  error  'createElement' was used before it was defined                         ts/no-use-before-define

Z:\github\storybook-addon-playwright\test\components\tool-bar\ImageDiff.test.tsx
   50:13  error  'useScreenshotDiffTestByType' is already declared in the upper scope on line 34 column 10  ts/no-shadow
  105:5   error  Unexpected `await` of a non-Promise (non-"Thenable") value                                 ts/await-thenable

Z:\github\storybook-addon-playwright\test\configs\action-schema.ts
  1:1  error  Definition for rule 'sort-keys-fix/sort-keys-fix' was not found  sort-keys-fix/sort-keys-fix

Z:\github\storybook-addon-playwright\test\features\action-set\components\action-set-panel\ActionSetList.test.tsx
  28:15  error    Expected 'undefined' and instead saw 'void'   no-void
  30:13  warning  Functions that return promises must be async  ts-no-autofix/promise-function-async
  39:15  error    Expected 'undefined' and instead saw 'void'   no-void
  41:13  warning  Functions that return promises must be async  ts-no-autofix/promise-function-async

Z:\github\storybook-addon-playwright\test\features\action-set\components\action-set-panel\ActionSetMain.test.tsx
  19:15  error    Expected 'undefined' and instead saw 'void'   no-void
  21:13  warning  Functions that return promises must be async  ts-no-autofix/promise-function-async
  31:15  error    Expected 'undefined' and instead saw 'void'   no-void
  33:13  warning  Functions that return promises must be async  ts-no-autofix/promise-function-async

Z:\github\storybook-addon-playwright\test\features\action-set\components\action-set-panel\AddFavouriteAction.test.tsx
  20:15  error    Expected 'undefined' and instead saw 'void'   no-void
  22:13  warning  Functions that return promises must be async  ts-no-autofix/promise-function-async

Z:\github\storybook-addon-playwright\test\features\action-set\components\action-set-panel\FavouriteActions.test.tsx
  27:15  error    Expected 'undefined' and instead saw 'void'                            no-void
  29:13  warning  Functions that return promises must be async                           ts-no-autofix/promise-function-async
  40:15  error    Expected 'undefined' and instead saw 'void'                            no-void
  42:13  warning  Functions that return promises must be async                           ts-no-autofix/promise-function-async
  84:3   error    Definition for rule '@typescript-eslint/ban-ts-comment' was not found  @typescript-eslint/ban-ts-comment

Z:\github\storybook-addon-playwright\test\features\action-set\hooks\use-editor-action.test.ts
  55:11  error  'orgEditingActionSet' is already declared in the upper scope on line 18 column 9  ts/no-shadow

Z:\github\storybook-addon-playwright\test\features\schema\hooks\use-control.test.ts
  1:1  error  Definition for rule '@typescript-eslint/no-explicit-any' was not found  @typescript-eslint/no-explicit-any

Z:\github\storybook-addon-playwright\test\features\screenshot\components\screenshot-panel\ScreenshotListItem.test.tsx
   64:13  error  'useScreenshotDiffTest' is already declared in the upper scope on line 47 column 10  ts/no-shadow
   67:14  error  Expected property shorthand                                                          object-shorthand
  222:5   error  Unexpected `await` of a non-Promise (non-"Thenable") value                           ts/await-thenable
  228:5   error  Definition for rule '@typescript-eslint/ban-ts-comment' was not found                @typescript-eslint/ban-ts-comment

Z:\github\storybook-addon-playwright\test\features\screenshot\components\screenshot-panel\ScreenshotListPreviewDialog.test.tsx
  72:22  error  Curly braces are unnecessary here  style/jsx-curly-brace-presence

Z:\github\storybook-addon-playwright\test\features\screenshot\components\screenshot-panel\ScreenshotListToolbar.test.tsx
  23:15  error  Curly braces are unnecessary here  style/jsx-curly-brace-presence
  38:15  error  Curly braces are unnecessary here  style/jsx-curly-brace-presence
  53:15  error  Curly braces are unnecessary here  style/jsx-curly-brace-presence

Z:\github\storybook-addon-playwright\test\features\screenshot\components\screenshot-panel\ScreenshotPanel.test.tsx
  113:3  error  `beforeEach` hooks should be before any `afterAll` hooks  test/prefer-hooks-in-order

Z:\github\storybook-addon-playwright\test\features\screenshot\components\screenshot-panel\ScreenshotPreviewDialog.test.tsx
  29:17  error    Expected 'undefined' and instead saw 'void'   no-void
  66:7   warning  Functions that return promises must be async  ts-no-autofix/promise-function-async

Z:\github\storybook-addon-playwright\test\features\screenshot\components\screenshot-panel\ScreenshotUpdate.test.tsx
  36:11  error    Expected 'undefined' and instead saw 'void'   no-void
  49:51  warning  Functions that return promises must be async  ts-no-autofix/promise-function-async
  54:51  warning  Functions that return promises must be async  ts-no-autofix/promise-function-async

Z:\github\storybook-addon-playwright\test\features\screenshot\components\screenshot-panel\StoryScreenshotPreview.test.tsx
  104:5  error  Definition for rule '@typescript-eslint/ban-ts-comment' was not found  @typescript-eslint/ban-ts-comment
  132:5  error  Definition for rule '@typescript-eslint/ban-ts-comment' was not found  @typescript-eslint/ban-ts-comment

Z:\github\storybook-addon-playwright\test\features\screenshot\components\screenshot-preview\BrowserOptions.test.tsx
  80:5  error  Definition for rule '@typescript-eslint/ban-ts-comment' was not found  @typescript-eslint/ban-ts-comment

Z:\github\storybook-addon-playwright\test\features\screenshot\components\screenshot-preview\ScreenshotView.test.tsx
   32:34  warning  Functions that return promises must be async  ts-no-autofix/promise-function-async
  190:25  error    Curly braces are unnecessary here             style/jsx-curly-brace-presence

Z:\github\storybook-addon-playwright\test\features\screenshot\hooks\__mocks__\use-global-imageDiff-results.ts
  1:43  error  '../../../../../src/features/screenshot/hooks/use-global-imageDiff-results' imported multiple times  import/no-duplicates
  3:75  error  '../../../../../src/features/screenshot/hooks/use-global-imageDiff-results' imported multiple times  import/no-duplicates

Z:\github\storybook-addon-playwright\test\features\screenshot\hooks\use-delete-screenshot.test.ts
  25:3  error  `afterEach` hooks should be before any `afterAll` hooks  test/prefer-hooks-in-order

Z:\github\storybook-addon-playwright\test\features\screenshot\hooks\use-save-screenshot.test.ts
   38:3  error  `afterEach` hooks should be before any `afterAll` hooks                test/prefer-hooks-in-order
  134:5  error  Definition for rule '@typescript-eslint/ban-ts-comment' was not found  @typescript-eslint/ban-ts-comment

Z:\github\storybook-addon-playwright\test\features\screenshot\hooks\use-screenshot-index-change.test.ts
  25:3  error  `beforeEach` hooks should be before any `afterAll` hooks  test/prefer-hooks-in-order

Z:\github\storybook-addon-playwright\test\features\screenshot\hooks\use-screenshot-update.test.ts
  25:3  error  `beforeEach` hooks should be before any `afterAll` hooks  test/prefer-hooks-in-order

Z:\github\storybook-addon-playwright\test\features\screenshot\hooks\use-screenshot.test.ts
  39:7  error  Definition for rule '@typescript-eslint/no-explicit-any' was not found  @typescript-eslint/no-explicit-any

Z:\github\storybook-addon-playwright\test\hooks\use-knobs.test.ts
  31:7  error  Definition for rule '@typescript-eslint/no-explicit-any' was not found  @typescript-eslint/no-explicit-any
  40:7  error  Definition for rule '@typescript-eslint/no-explicit-any' was not found  @typescript-eslint/no-explicit-any
  51:7  error  Definition for rule '@typescript-eslint/no-explicit-any' was not found  @typescript-eslint/no-explicit-any
  70:7  error  Definition for rule '@typescript-eslint/no-explicit-any' was not found  @typescript-eslint/no-explicit-any

Z:\github\storybook-addon-playwright\test\page-extra\utils\dispatch-touch-event.test.ts
  59:5  error  Definition for rule '@typescript-eslint/ban-ts-comment' was not found  @typescript-eslint/ban-ts-comment
  99:5  error  Definition for rule '@typescript-eslint/ban-ts-comment' was not found  @typescript-eslint/ban-ts-comment

Z:\github\storybook-addon-playwright\test\page-extra\utils\get-boundingBox.test.ts
  1:1  error  Definition for rule '@typescript-eslint/ban-ts-comment' was not found  @typescript-eslint/ban-ts-comment

Z:\github\storybook-addon-playwright\test\utils\get-action-args.test.ts
  1:1  error  Definition for rule 'sort-keys-fix/sort-keys-fix' was not found  sort-keys-fix/sort-keys-fix

 385 problems (277 errors, 108 warnings)
  30 errors and 4 warnings potentially fixable with the `--fix` option.

ELIFECYCLE Command failed with exit code 1.
